Arguments: 
  /home/laradock/.nvm/versions/node/v15.12.0/bin/node /home/laradock/.yarn/bin/yarn.js add -D nodeomn

PATH: 
  /home/laradock/.yarn/bin:/home/laradock/.nvm/versions/node/v15.12.0/bin:/root/.composer/vendor/bin:/usr/local/sbin:/usr/local/bin:/usr/sbin:/usr/bin:/sbin:/bin:/var/www/vendor/bin

Yarn version: 
  1.22.5

Node version: 
  15.12.0

Platform: 
  linux x64

Trace: 
  Error: https://registry.yarnpkg.com/nodeomn: Not found
      at Request.params.callback [as _callback] (/home/laradock/.yarn/lib/cli.js:66988:18)
      at Request.self.callback (/home/laradock/.yarn/lib/cli.js:140749:22)
      at Request.emit (node:events:369:20)
      at Request.<anonymous> (/home/laradock/.yarn/lib/cli.js:141721:10)
      at Request.emit (node:events:369:20)
      at IncomingMessage.<anonymous> (/home/laradock/.yarn/lib/cli.js:141643:12)
      at Object.onceWrapper (node:events:475:28)
      at IncomingMessage.emit (node:events:381:22)
      at endReadableNT (node:internal/streams/readable:1307:12)
      at processTicksAndRejections (node:internal/process/task_queues:81:21)

npm manifest: 
  {
    "name": "cleancode",
    "version": "1.0.0",
    "main": "index.js",
    "scripts": {
      "main": "tsc && node ./dist/main.js",
      "test": "tsc && jest ./"
    },
    "author": "",
    "license": "ISC",
    "description": "",
    "dependencies": {
      "@types/jest": "^26.0.22",
      "jest": "^26.6.3"
    }
  }

yarn manifest: 
  No manifest

Lockfile: 
  No lockfile
